<?xml version="1.0" encoding="UTF-8"?>
<testsuite xmlns:xsi="http://www.w3.org/2001/XMLSchema-instance" xsi:noNamespaceSchemaLocation="https://maven.apache.org/surefire/maven-surefire-plugin/xsd/surefire-test-report-3.0.xsd" version="3.0" name="hello.HelloWorldConfigurationTests" time="2.386" tests="1" errors="0" skipped="0" failures="0">
  <properties>
[...]
</properties>
  <testcase name="testGreeting" classname="hello.HelloWorldConfigurationTests" time="0.76">
    <system-out><![CDATA[17:44:26.666 [main] INFO org.springframework.test.context.support.AnnotationConfigContextLoaderUtils -- Could not detect default configuration classes for test class [hello.HelloWorldConfigurationTests]: HelloWorldConfigurationTests does not declare any static, non-private, non-final, nested classes annotated with @Configuration.
17:44:26.751 [main] INFO org.springframework.boot.test.context.SpringBootTestContextBootstrapper -- Found @SpringBootConfiguration hello.Application for test class hello.HelloWorldConfigurationTests
  .   ____          _            __ _ _
 /\\ / ___'_ __ _ _(_)_ __  __ _ \ \ \ \
( ( )\___ | '_ | '_| | '_ \/ _` | \ \ \ \
 \\/  ___)| |_)| | | | | || (_| |  ) ) ) )
  '  |____| .__|_| |_|_| |_\__, | / / / /
 =========|_|==============|___/=/_/_/_/

 :: Spring Boot ::                (v3.3.0)

2024-11-20T17:44:27.078+01:00  INFO 6312 --- [testLatticeApp] [           main] hello.HelloWorldConfigurationTests       : Starting HelloWorldConfigurationTests using Java 20.0.2 with PID 6312 (started by aasin in c:\TPP2\tpplab2)
2024-11-20T17:44:27.079+01:00  INFO 6312 --- [testLatticeApp] [           main] hello.HelloWorldConfigurationTests       : No active profile set, falling back to 1 default profile: "default"
2024-11-20T17:44:27.799+01:00  INFO 6312 --- [testLatticeApp] [           main] o.s.b.w.embedded.tomcat.TomcatWebServer  : Tomcat initialized with port 0 (http)
2024-11-20T17:44:27.812+01:00  INFO 6312 --- [testLatticeApp] [           main] o.apache.catalina.core.StandardService   : Starting service [Tomcat]
2024-11-20T17:44:27.813+01:00  INFO 6312 --- [testLatticeApp] [           main] o.apache.catalina.core.StandardEngine    : Starting Servlet engine: [Apache Tomcat/10.1.24]
2024-11-20T17:44:27.854+01:00  INFO 6312 --- [testLatticeApp] [           main] o.a.c.c.C.[Tomcat].[localhost].[/]       : Initializing Spring embedded WebApplicationContext
2024-11-20T17:44:27.855+01:00  INFO 6312 --- [testLatticeApp] [           main] w.s.c.ServletWebServerApplicationContext : Root WebApplicationContext: initialization completed in 757 ms
2024-11-20T17:44:28.128+01:00  INFO 6312 --- [testLatticeApp] [           main] o.s.b.w.embedded.tomcat.TomcatWebServer  : Tomcat started on port 52423 (http) with context path '/'
2024-11-20T17:44:28.134+01:00  INFO 6312 --- [testLatticeApp] [           main] hello.HelloWorldConfigurationTests       : Started HelloWorldConfigurationTests in 1.271 seconds (process running for 2.036)
2024-11-20T17:44:28.858+01:00  INFO 6312 --- [testLatticeApp] [o-auto-1-exec-1] o.a.c.c.C.[Tomcat].[localhost].[/]       : Initializing Spring DispatcherServlet 'dispatcherServlet'
2024-11-20T17:44:28.858+01:00  INFO 6312 --- [testLatticeApp] [o-auto-1-exec-1] o.s.web.servlet.DispatcherServlet        : Initializing Servlet 'dispatcherServlet'
2024-11-20T17:44:28.859+01:00  INFO 6312 --- [testLatticeApp] [o-auto-1-exec-1] o.s.web.servlet.DispatcherServlet        : Completed initialization in 1 ms
]]></system-out>
  </testcase>
</testsuite>